<?xml version="1.0" encoding="UTF-8"?>
<!-- Generated by org.testng.reporters.JUnitXMLReporter -->
<testsuite ignored="0" hostname="EC2AMAZ-S11DBRH" failures="1" tests="3" name="ModuleOneTest" time="17.471" errors="0" timestamp="2023-11-24T14:15:32 GMT">
  <testcase classname="testScripts.GooglePageTest" name="javaSearchTest" time="4.525"/>
  <testcase classname="testScripts.GooglePageTest" name="seleniumSearchTest" time="3.972">
    <failure type="java.lang.AssertionError" message="expected [Selenium Tutorial - GoogleSearch] but found [Selenium Tutorial - Google Search]">
      <![CDATA[java.lang.AssertionError: expected [Selenium Tutorial - GoogleSearch] but found [Selenium Tutorial - Google Search]
at testScripts.GooglePageTest.seleniumSearchTest(GooglePageTest.java:53)
at java.base/java.util.ArrayList.forEach(ArrayList.java:1511)
... Removed 33 stack frames]]>
    </failure>
  </testcase> <!-- seleniumSearchTest -->
  <testcase classname="testScripts.SampleTwoTest" name="playwrightSearchTest" time="5.165"/>
</testsuite> <!-- ModuleOneTest -->
