<?xml version="1.0" encoding="UTF-8"?>
<!-- Generated by org.testng.reporters.JUnitXMLReporter -->
<testsuite ignored="2" hostname="EC2AMAZ-S11DBRH" failures="1" tests="2" name="Test" time="12.692" errors="0" timestamp="2023-11-28T12:03:24 GMT">
  <testcase classname="testScripts.GooglePageTest" name="seleniumSearchTest" time="5.324">
    <failure type="java.lang.AssertionError" message="expected [Selenium Tutorial - Google Search Page] but found [Selenium Tutorial - Google Search]">
      <![CDATA[java.lang.AssertionError: expected [Selenium Tutorial - Google Search Page] but found [Selenium Tutorial - Google Search]
at testScripts.GooglePageTest.seleniumSearchTest(GooglePageTest.java:105)
at java.base/java.util.ArrayList.forEach(ArrayList.java:1511)
... Removed 33 stack frames]]>
    </failure>
  </testcase> <!-- seleniumSearchTest -->
  <testcase classname="testScripts.GooglePageTest" name="javaSearchTest" time="2.718"/>
  <testcase classname="testScripts.GooglePageTest" name="cyPressSearchTest" time="0.0">
    <ignored/>
  </testcase> <!-- cyPressSearchTest -->
  <testcase classname="testScripts.GooglePageTest" name="appiumSearchTest" time="0.0">
    <ignored/>
  </testcase> <!-- appiumSearchTest -->
</testsuite> <!-- Test -->
